# JRE version: OpenJDK Runtime Environment (8.0_242-b01) (build 1.8.0_242-release-1644-b01)
# Java VM: OpenJDK 64-Bit Server VM (25.242-b01 mixed mode windows-amd64 compressed oops)
Heap:
 PSYoungGen      total 462336K, used 220925K [0x00000000d5580000, 0x00000000f3f00000, 0x0000000100000000)
  eden space 423424K, 47% used [0x00000000d5580000,0x00000000e1894698,0x00000000ef300000)
  from space 38912K, 54% used [0x00000000ef300000,0x00000000f07aade0,0x00000000f1900000)
  to   space 31232K, 0% used [0x00000000f2080000,0x00000000f2080000,0x00000000f3f00000)
 ParOldGen       total 366592K, used 52232K [0x0000000080000000, 0x0000000096600000, 0x00000000d5580000)
  object space 366592K, 14% used [0x0000000080000000,0x00000000833022a0,0x0000000096600000)
 Metaspace       used 106286K, capacity 111638K, committed 111792K, reserved 1146880K
  class space    used 13919K, capacity 14948K, committed 15024K, reserved 1048576K
GC Heap History (10 events):
Event: 10.176 GC heap before
{Heap before GC invocations=11 (full 3):
 PSYoungGen      total 283136K, used 257024K [0x00000000d5580000, 0x00000000ef280000, 0x0000000100000000)
  eden space 257024K, 100% used [0x00000000d5580000,0x00000000e5080000,0x00000000e5080000)
  from space 26112K, 0% used [0x00000000e5080000,0x00000000e5080000,0x00000000e6a00000)
  to   space 26112K, 0% used [0x00000000ed900000,0x00000000ed900000,0x00000000ef280000)
 ParOldGen       total 254464K, used 28628K [0x0000000080000000, 0x000000008f880000, 0x00000000d5580000)
  object space 254464K, 11% used [0x0000000080000000,0x0000000081bf5140,0x000000008f880000)
 Metaspace       used 67032K, capacity 69972K, committed 70064K, reserved 1110016K
  class space    used 9237K, capacity 9845K, committed 9904K, reserved 1048576K
Event: 10.202 GC heap after
Heap after GC invocations=11 (full 3):
 PSYoungGen      total 382464K, used 21320K [0x00000000d5580000, 0x00000000eee00000, 0x0000000100000000)
  eden space 360960K, 0% used [0x00000000d5580000,0x00000000d5580000,0x00000000eb600000)
  from space 21504K, 99% used [0x00000000ed900000,0x00000000eedd2360,0x00000000eee00000)
  to   space 27648K, 0% used [0x00000000eb800000,0x00000000eb800000,0x00000000ed300000)
 ParOldGen       total 254464K, used 28636K [0x0000000080000000, 0x000000008f880000, 0x00000000d5580000)
  object space 254464K, 11% used [0x0000000080000000,0x0000000081bf7140,0x000000008f880000)
 Metaspace       used 67032K, capacity 69972K, committed 70064K, reserved 1110016K
  class space    used 9237K, capacity 9845K, committed 9904K, reserved 1048576K
}
Event: 990.654 GC heap before
{Heap before GC invocations=12 (full 3):
 PSYoungGen      total 382464K, used 382280K [0x00000000d5580000, 0x00000000eee00000, 0x0000000100000000)
  eden space 360960K, 100% used [0x00000000d5580000,0x00000000eb600000,0x00000000eb600000)
  from space 21504K, 99% used [0x00000000ed900000,0x00000000eedd2360,0x00000000eee00000)
  to   space 27648K, 0% used [0x00000000eb800000,0x00000000eb800000,0x00000000ed300000)
 ParOldGen       total 254464K, used 28636K [0x0000000080000000, 0x000000008f880000, 0x00000000d5580000)
  object space 254464K, 11% used [0x0000000080000000,0x0000000081bf7140,0x000000008f880000)
 Metaspace       used 86985K, capacity 91150K, committed 91440K, reserved 1128448K
  class space    used 11720K, capacity 12484K, committed 12592K, reserved 1048576K
Event: 990.681 GC heap after
Heap after GC invocations=12 (full 3):
 PSYoungGen      total 390656K, used 27635K [0x00000000d5580000, 0x00000000f4380000, 0x0000000100000000)
  eden space 363008K, 0% used [0x00000000d5580000,0x00000000d5580000,0x00000000eb800000)
  from space 27648K, 99% used [0x00000000eb800000,0x00000000ed2fced0,0x00000000ed300000)
  to   space 35840K, 0% used [0x00000000f2080000,0x00000000f2080000,0x00000000f4380000)
 ParOldGen       total 254464K, used 39264K [0x0000000080000000, 0x000000008f880000, 0x00000000d5580000)
  object space 254464K, 15% used [0x0000000080000000,0x00000000826582e8,0x000000008f880000)
 Metaspace       used 86985K, capacity 91150K, committed 91440K, reserved 1128448K
  class space    used 11720K, capacity 12484K, committed 12592K, reserved 1048576K
}
Event: 1678.386 GC heap before
{Heap before GC invocations=13 (full 3):
 PSYoungGen      total 390656K, used 183652K [0x00000000d5580000, 0x00000000f4380000, 0x0000000100000000)
  eden space 363008K, 42% used [0x00000000d5580000,0x00000000deddc508,0x00000000eb800000)
  from space 27648K, 99% used [0x00000000eb800000,0x00000000ed2fced0,0x00000000ed300000)
  to   space 35840K, 0% used [0x00000000f2080000,0x00000000f2080000,0x00000000f4380000)
 ParOldGen       total 254464K, used 39264K [0x0000000080000000, 0x000000008f880000, 0x00000000d5580000)
  object space 254464K, 15% used [0x0000000080000000,0x00000000826582e8,0x000000008f880000)
 Metaspace       used 93673K, capacity 98568K, committed 98600K, reserved 1134592K
  class space    used 12536K, capacity 13463K, committed 13488K, reserved 1048576K
Event: 1678.418 GC heap after
Heap after GC invocations=13 (full 3):
 PSYoungGen      total 454656K, used 30368K [0x00000000d5580000, 0x00000000f3f00000, 0x0000000100000000)
  eden space 423424K, 0% used [0x00000000d5580000,0x00000000d5580000,0x00000000ef300000)
  from space 31232K, 97% used [0x00000000f2080000,0x00000000f3e28220,0x00000000f3f00000)
  to   space 38912K, 0% used [0x00000000ef300000,0x00000000ef300000,0x00000000f1900000)
 ParOldGen       total 254464K, used 39272K [0x0000000080000000, 0x000000008f880000, 0x00000000d5580000)
  object space 254464K, 15% used [0x0000000080000000,0x000000008265a2e8,0x000000008f880000)
 Metaspace       used 93673K, capacity 98568K, committed 98600K, reserved 1134592K
  class space    used 12536K, capacity 13463K, committed 13488K, reserved 1048576K
}
Event: 1678.418 GC heap before
{Heap before GC invocations=14 (full 4):
 PSYoungGen      total 454656K, used 30368K [0x00000000d5580000, 0x00000000f3f00000, 0x0000000100000000)
  eden space 423424K, 0% used [0x00000000d5580000,0x00000000d5580000,0x00000000ef300000)
  from space 31232K, 97% used [0x00000000f2080000,0x00000000f3e28220,0x00000000f3f00000)
  to   space 38912K, 0% used [0x00000000ef300000,0x00000000ef300000,0x00000000f1900000)
 ParOldGen       total 254464K, used 39272K [0x0000000080000000, 0x000000008f880000, 0x00000000d5580000)
  object space 254464K, 15% used [0x0000000080000000,0x000000008265a2e8,0x000000008f880000)
 Metaspace       used 93673K, capacity 98568K, committed 98600K, reserved 1134592K
  class space    used 12536K, capacity 13463K, committed 13488K, reserved 1048576K
Event: 1678.548 GC heap after
Heap after GC invocations=14 (full 4):
 PSYoungGen      total 454656K, used 0K [0x00000000d5580000, 0x00000000f3f00000, 0x0000000100000000)
  eden space 423424K, 0% used [0x00000000d5580000,0x00000000d5580000,0x00000000ef300000)
  from space 31232K, 0% used [0x00000000f2080000,0x00000000f2080000,0x00000000f3f00000)
  to   space 38912K, 0% used [0x00000000ef300000,0x00000000ef300000,0x00000000f1900000)
 ParOldGen       total 366592K, used 52224K [0x0000000080000000, 0x0000000096600000, 0x00000000d5580000)
  object space 366592K, 14% used [0x0000000080000000,0x00000000833002a0,0x0000000096600000)
 Metaspace       used 93319K, capacity 97584K, committed 98600K, reserved 1134592K
  class space    used 12421K, capacity 13276K, committed 13488K, reserved 1048576K
}
Event: 4666.923 GC heap before
{Heap before GC invocations=15 (full 4):
 PSYoungGen      total 454656K, used 423424K [0x00000000d5580000, 0x00000000f3f00000, 0x0000000100000000)
  eden space 423424K, 100% used [0x00000000d5580000,0x00000000ef300000,0x00000000ef300000)
  from space 31232K, 0% used [0x00000000f2080000,0x00000000f2080000,0x00000000f3f00000)
  to   space 38912K, 0% used [0x00000000ef300000,0x00000000ef300000,0x00000000f1900000)
 ParOldGen       total 366592K, used 52224K [0x0000000080000000, 0x0000000096600000, 0x00000000d5580000)
  object space 366592K, 14% used [0x0000000080000000,0x00000000833002a0,0x0000000096600000)
 Metaspace       used 105046K, capacity 110316K, committed 110384K, reserved 1144832K
  class space    used 13818K, capacity 14861K, committed 14896K, reserved 1048576K
Event: 4666.950 GC heap after
Heap after GC invocations=15 (full 4):
 PSYoungGen      total 462336K, used 21163K [0x00000000d5580000, 0x00000000f3f00000, 0x0000000100000000)
  eden space 423424K, 0% used [0x00000000d5580000,0x00000000d5580000,0x00000000ef300000)
  from space 38912K, 54% used [0x00000000ef300000,0x00000000f07aade0,0x00000000f1900000)
  to   space 31232K, 0% used [0x00000000f2080000,0x00000000f2080000,0x00000000f3f00000)
 ParOldGen       total 366592K, used 52232K [0x0000000080000000, 0x0000000096600000, 0x00000000d5580000)
  object space 366592K, 14% used [0x0000000080000000,0x00000000833022a0,0x0000000096600000)
 Metaspace       used 105046K, capacity 110316K, committed 110384K, reserved 1144832K
  class space    used 13818K, capacity 14861K, committed 14896K, reserved 1048576K
}

